#
# There is insufficient memory for the Java Runtime Environment to continue.
# Native memory allocation (mmap) failed to map 4194304 bytes for G1 virtual space
# Possible reasons:
#   The system is out of physical RAM or swap space
#   The process is running with CompressedOops enabled, and the Java Heap may be blocking the growth of the native heap
# Possible solutions:
#   Reduce memory load on the system
#   Increase physical memory or swap space
#   Check if swap backing store is full
#   Decrease Java heap size (-Xmx/-Xms)
#   Decrease number of Java threads
#   Decrease Java thread stack sizes (-Xss)
#   Set larger code cache with -XX:ReservedCodeCacheSize=
#   JVM is running with Zero Based Compressed Oops mode in which the Java heap is
#     placed in the first 32GB address space. The Java Heap base address is the
#     maximum limit for the native heap growth. Please use -XX:HeapBaseMinAddress
#     to set the Java Heap base and to place the Java Heap above 32GB virtual address.
# This output file may be truncated or incomplete.
#
#  Out of Memory Error (os_windows.cpp:3613), pid=20004, tid=7600
#
# JRE version:  (17.0.9+9) (build )
# Java VM: OpenJDK 64-Bit Server VM (17.0.9+9, mixed mode, sharing, tiered, compressed oops, compressed class ptrs, g1 gc, windows-amd64)
# No core dump will be written. Minidumps are not enabled by default on client versions of Windows
#

---------------  S U M M A R Y ------------

Command Line: org.sonarsource.sonarlint.core.backend.cli.SonarLintServerCli

Host: AMD Ryzen 5 5600X 6-Core Processor             , 12 cores, 15G,  Windows 11 , 64 bit Build 26100 (10.0.26100.4202)
Time: Sun Jun 15 14:38:28 2025  Windows 11 , 64 bit Build 26100 (10.0.26100.4202) elapsed time: 1.171477 seconds (0d 0h 0m 1s)

---------------  T H R E A D  ---------------

Current thread (0x0000012f4fd5e700):  JavaThread "Unknown thread" [_thread_in_vm, id=7600, stack(0x00000024eed00000,0x00000024eee00000)]

Stack: [0x00000024eed00000,0x00000024eee00000]
Native frames: (J=compiled Java code, j=interpreted, Vv=VM code, C=native code)
V  [jvm.dll+0x67cf49]
V  [jvm.dll+0x83478a]
V  [jvm.dll+0x83624e]
V  [jvm.dll+0x8368b3]
V  [jvm.dll+0x247f1f]
V  [jvm.dll+0x679d69]
V  [jvm.dll+0x66e6ba]
V  [jvm.dll+0x307e5b]
V  [jvm.dll+0x30f306]
V  [jvm.dll+0x35f0e3]
V  [jvm.dll+0x35f2ff]
V  [jvm.dll+0x2dea58]
V  [jvm.dll+0x2df9c4]
V  [jvm.dll+0x806031]
V  [jvm.dll+0x36cf31]
V  [jvm.dll+0x7e4aac]
V  [jvm.dll+0x3f07af]
V  [jvm.dll+0x3f23e1]
C  [jli.dll+0x528f]
C  [ucrtbase.dll+0x37b0]
C  [KERNEL32.DLL+0x2e8d7]
C  [ntdll.dll+0x3c34c]


---------------  P R O C E S S  ---------------

Threads class SMR info:
_java_thread_list=0x00007ffdde96ee98, length=0, elements={
}

Java Threads: ( => current thread )

Other Threads:
  0x0000012f4fdceb10 GCTaskThread "GC Thread#0" [stack: 0x00000024eee00000,0x00000024eef00000] [id=8264]
  0x0000012f4fde03d0 ConcurrentGCThread "G1 Main Marker" [stack: 0x00000024eef00000,0x00000024ef000000] [id=5556]
  0x0000012f4fde13a0 ConcurrentGCThread "G1 Conc#0" [stack: 0x00000024ef000000,0x00000024ef100000] [id=7552]

[error occurred during error reporting (printing all threads), id 0xc0000005, EXCEPTION_ACCESS_VIOLATION (0xc0000005) at pc=0x00007ffdde12f497]

VM state: not at safepoint (not fully initialized)

VM Mutex/Monitor currently owned by a thread:  ([mutex/lock_event])
[0x0000012f4da7a890] Heap_lock - owner thread: 0x0000012f4fd5e700

Heap address: 0x0000000701600000, size: 4074 MB, Compressed Oops mode: Zero based, Oop shift amount: 3

CDS archive(s) mapped at: [0x0000000000000000-0x0000000000000000-0x0000000000000000), size 0, SharedBaseAddress: 0x0000000800000000, ArchiveRelocationMode: 1.
Narrow klass base: 0x0000000000000000, Narrow klass shift: 0, Narrow klass range: 0x0

GC Precious Log:
<Empty>

Heap:
 garbage-first heap   total 0K, used 0K [0x0000000701600000, 0x0000000800000000)
  region size 2048K, 0 young (0K), 0 survivors (0K)

[error occurred during error reporting (printing heap information), id 0xc0000005, EXCEPTION_ACCESS_VIOLATION (0xc0000005) at pc=0x00007ffdde516c79]

GC Heap History (0 events):
No events

Dll operation events (1 events):
Event: 0.023 Loaded shared library C:\USERS\TIRAIS\APPDATA\LOCAL\MICROSOFT\VISUALSTUDIO\17.0_07CD89D4\EXTENSIONS\TQG4TMKV.MPA\Sloop\jre\bin\java.dll

Deoptimization events (0 events):
No events

Classes unloaded (0 events):
No events

Classes redefined (0 events):
No events

Internal exceptions (0 events):
No events

VM Operations (0 events):
No events

Events (0 events):
No events


Dynamic libraries:
0x00007ff7501c0000 - 0x00007ff7501ce000 	C:\USERS\TIRAIS\APPDATA\LOCAL\MICROSOFT\VISUALSTUDIO\17.0_07CD89D4\EXTENSIONS\TQG4TMKV.MPA\Sloop\jre\bin\java.exe
0x00007ffeb2780000 - 0x00007ffeb29e5000 	C:\WINDOWS\SYSTEM32\ntdll.dll
0x00007ffeb1370000 - 0x00007ffeb1439000 	C:\WINDOWS\System32\KERNEL32.DLL
0x00007ffeaffb0000 - 0x00007ffeb0398000 	C:\WINDOWS\System32\KERNELBASE.dll
0x00007ffeaf9a0000 - 0x00007ffeafaeb000 	C:\WINDOWS\System32\ucrtbase.dll
0x00007ffde6060000 - 0x00007ffde6077000 	C:\USERS\TIRAIS\APPDATA\LOCAL\MICROSOFT\VISUALSTUDIO\17.0_07CD89D4\EXTENSIONS\TQG4TMKV.MPA\Sloop\jre\bin\jli.dll
0x00007ffde6040000 - 0x00007ffde605b000 	C:\USERS\TIRAIS\APPDATA\LOCAL\MICROSOFT\VISUALSTUDIO\17.0_07CD89D4\EXTENSIONS\TQG4TMKV.MPA\Sloop\jre\bin\VCRUNTIME140.dll
0x00007ffeb1bd0000 - 0x00007ffeb1d9a000 	C:\WINDOWS\System32\USER32.dll
0x00007ffe92070000 - 0x00007ffe9230a000 	C:\WINDOWS\WinSxS\amd64_microsoft.windows.common-controls_6595b64144ccf1df_6.0.26100.4202_none_3e0698d4e335f517\COMCTL32.dll
0x00007ffeaf8d0000 - 0x00007ffeaf8f7000 	C:\WINDOWS\System32\win32u.dll
0x00007ffeb15e0000 - 0x00007ffeb1689000 	C:\WINDOWS\System32\msvcrt.dll
0x00007ffeb18b0000 - 0x00007ffeb18db000 	C:\WINDOWS\System32\GDI32.dll
0x00007ffeafbb0000 - 0x00007ffeafce7000 	C:\WINDOWS\System32\gdi32full.dll
0x00007ffeaff00000 - 0x00007ffeaffa3000 	C:\WINDOWS\System32\msvcp_win.dll
0x00007ffeb09b0000 - 0x00007ffeb09e0000 	C:\WINDOWS\System32\IMM32.DLL
0x00007ffe57730000 - 0x00007ffe5773c000 	C:\USERS\TIRAIS\APPDATA\LOCAL\MICROSOFT\VISUALSTUDIO\17.0_07CD89D4\EXTENSIONS\TQG4TMKV.MPA\Sloop\jre\bin\vcruntime140_1.dll
0x00007ffde5fb0000 - 0x00007ffde603d000 	C:\USERS\TIRAIS\APPDATA\LOCAL\MICROSOFT\VISUALSTUDIO\17.0_07CD89D4\EXTENSIONS\TQG4TMKV.MPA\Sloop\jre\bin\msvcp140.dll
0x00007ffddde40000 - 0x00007ffddeaa1000 	C:\USERS\TIRAIS\APPDATA\LOCAL\MICROSOFT\VISUALSTUDIO\17.0_07CD89D4\EXTENSIONS\TQG4TMKV.MPA\Sloop\jre\bin\server\jvm.dll
0x00007ffeb1280000 - 0x00007ffeb1333000 	C:\WINDOWS\System32\ADVAPI32.dll
0x00007ffeb2690000 - 0x00007ffeb2736000 	C:\WINDOWS\System32\sechost.dll
0x00007ffeb1440000 - 0x00007ffeb1555000 	C:\WINDOWS\System32\RPCRT4.dll
0x00007ffe9b940000 - 0x00007ffe9b94a000 	C:\WINDOWS\SYSTEM32\WSOCK32.dll
0x00007ffea01c0000 - 0x00007ffea01f5000 	C:\WINDOWS\SYSTEM32\WINMM.dll
0x00007ffea92e0000 - 0x00007ffea92eb000 	C:\WINDOWS\SYSTEM32\VERSION.dll
0x00007ffeaf580000 - 0x00007ffeaf5de000 	C:\WINDOWS\SYSTEM32\POWRPROF.dll
0x00007ffeb1560000 - 0x00007ffeb15d4000 	C:\WINDOWS\System32\WS2_32.dll
0x00007ffeaf560000 - 0x00007ffeaf574000 	C:\WINDOWS\SYSTEM32\UMPDC.dll
0x00007ffeae690000 - 0x00007ffeae6ab000 	C:\WINDOWS\SYSTEM32\kernel.appcore.dll
0x00007ffe48dc0000 - 0x00007ffe48dca000 	C:\USERS\TIRAIS\APPDATA\LOCAL\MICROSOFT\VISUALSTUDIO\17.0_07CD89D4\EXTENSIONS\TQG4TMKV.MPA\Sloop\jre\bin\jimage.dll
0x00007ffe9e770000 - 0x00007ffe9e9b1000 	C:\WINDOWS\SYSTEM32\DBGHELP.DLL
0x00007ffeb0c80000 - 0x00007ffeb1005000 	C:\WINDOWS\System32\combase.dll
0x00007ffeb0b90000 - 0x00007ffeb0c71000 	C:\WINDOWS\System32\OLEAUT32.dll
0x00007ffe9a410000 - 0x00007ffe9a449000 	C:\WINDOWS\SYSTEM32\dbgcore.DLL
0x00007ffeaf900000 - 0x00007ffeaf999000 	C:\WINDOWS\System32\bcryptPrimitives.dll
0x00007ffde5f80000 - 0x00007ffde5fa5000 	C:\USERS\TIRAIS\APPDATA\LOCAL\MICROSOFT\VISUALSTUDIO\17.0_07CD89D4\EXTENSIONS\TQG4TMKV.MPA\Sloop\jre\bin\java.dll

dbghelp: loaded successfully - version: 4.0.5 - missing functions: none
symbol engine: initialized successfully - sym options: 0x614 - pdb path: .;C:\USERS\TIRAIS\APPDATA\LOCAL\MICROSOFT\VISUALSTUDIO\17.0_07CD89D4\EXTENSIONS\TQG4TMKV.MPA\Sloop\jre\bin;C:\WINDOWS\SYSTEM32;C:\WINDOWS\WinSxS\amd64_microsoft.windows.common-controls_6595b64144ccf1df_6.0.26100.4202_none_3e0698d4e335f517;C:\USERS\TIRAIS\APPDATA\LOCAL\MICROSOFT\VISUALSTUDIO\17.0_07CD89D4\EXTENSIONS\TQG4TMKV.MPA\Sloop\jre\bin\server

VM Arguments:
java_command: org.sonarsource.sonarlint.core.backend.cli.SonarLintServerCli
java_class_path (initial): C:\USERS\TIRAIS\APPDATA\LOCAL\MICROSOFT\VISUALSTUDIO\17.0_07CD89D4\EXTENSIONS\TQG4TMKV.MPA\Sloop\lib\annotations-13.0.jar;C:\USERS\TIRAIS\APPDATA\LOCAL\MICROSOFT\VISUALSTUDIO\17.0_07CD89D4\EXTENSIONS\TQG4TMKV.MPA\Sloop\lib\checker-qual-3.43.0.jar;C:\USERS\TIRAIS\APPDATA\LOCAL\MICROSOFT\VISUALSTUDIO\17.0_07CD89D4\EXTENSIONS\TQG4TMKV.MPA\Sloop\lib\commons-codec-1.17.2.jar;C:\USERS\TIRAIS\APPDATA\LOCAL\MICROSOFT\VISUALSTUDIO\17.0_07CD89D4\EXTENSIONS\TQG4TMKV.MPA\Sloop\lib\commons-compress-1.27.1.jar;C:\USERS\TIRAIS\APPDATA\LOCAL\MICROSOFT\VISUALSTUDIO\17.0_07CD89D4\EXTENSIONS\TQG4TMKV.MPA\Sloop\lib\commons-csv-1.13.0.jar;C:\USERS\TIRAIS\APPDATA\LOCAL\MICROSOFT\VISUALSTUDIO\17.0_07CD89D4\EXTENSIONS\TQG4TMKV.MPA\Sloop\lib\commons-io-2.18.0.jar;C:\USERS\TIRAIS\APPDATA\LOCAL\MICROSOFT\VISUALSTUDIO\17.0_07CD89D4\EXTENSIONS\TQG4TMKV.MPA\Sloop\lib\commons-lang-2.6.jar;C:\USERS\TIRAIS\APPDATA\LOCAL\MICROSOFT\VISUALSTUDIO\17.0_07CD89D4\EXTENSIONS\TQG4TMKV.MPA\Sloop\lib\commons-lang3-3.17.0.jar;C:\USERS\TIRAIS\APPDATA\LOCAL\MICROSOFT\VISUALSTUDIO\17.0_07CD89D4\EXTENSIONS\TQG4TMKV.MPA\Sloop\lib\error_prone_annotations-2.36.0.jar;C:\USERS\TIRAIS\APPDATA\LOCAL\MICROSOFT\VISUALSTUDIO\17.0_07CD89D4\EXTENSIONS\TQG4TMKV.MPA\Sloop\lib\failureaccess-1.0.2.jar;C:\USERS\TIRAIS\APPDATA\LOCAL\MICROSOFT\VISUALSTUDIO\17.0_07CD89D4\EXTENSIONS\TQG4TMKV.MPA\Sloop\lib\git-files-blame-2.0.0.2053.jar;C:\USERS\TIRAIS\APPDATA\LOCAL\MICROSOFT\VISUALSTUDIO\17.0_07CD89D4\EXTENSIONS\TQG4TMKV.MPA\Sloop\lib\gson-2.10.jar;C:\USERS\TIRAIS\APPDATA\LOCAL\MICROSOFT\VISUALSTUDIO\17.0_07CD89D4\EXTENSIONS\TQG4TMKV.MPA\Sloop\lib\guava-33.4.0-jre.jar;C:\USERS\TIRAIS\APPDATA\LOCAL\MICROSOFT\VISUALSTUDIO\17.0_07CD89D4\EXTENSIONS\TQG4TMKV.MPA\Sloop\lib\httpclient5-5.4.4.jar;C:\USERS\TIRAIS\APPDATA\LOCAL\MICROSOFT\VISUALSTUDIO\17.0_07CD89D4\EXTENSIONS\TQG4TMKV.MPA\Sloop\lib\httpcore5-5.3.2.jar;C:\USERS\TIRAIS\APPDATA\LOCAL\MICROSOFT\VISUALSTUDIO\17.0_07CD89D4\EXTENSIONS\TQG4TMKV.MPA\Sloop\lib
Launcher Type: SUN_STANDARD

[Global flags]
     intx CICompilerCount                          = 4                                         {product} {ergonomic}
     uint ConcGCThreads                            = 3                                         {product} {ergonomic}
     uint G1ConcRefinementThreads                  = 10                                        {product} {ergonomic}
   size_t G1HeapRegionSize                         = 2097152                                   {product} {ergonomic}
    uintx GCDrainStackTargetSize                   = 64                                        {product} {ergonomic}
   size_t InitialHeapSize                          = 268435456                                 {product} {ergonomic}
   size_t MarkStackSize                            = 4194304                                   {product} {ergonomic}
   size_t MaxHeapSize                              = 4271898624                                {product} {ergonomic}
   size_t MinHeapDeltaBytes                        = 2097152                                   {product} {ergonomic}
   size_t MinHeapSize                              = 8388608                                   {product} {ergonomic}
    uintx NonNMethodCodeHeapSize                   = 5839372                                {pd product} {ergonomic}
    uintx NonProfiledCodeHeapSize                  = 122909434                              {pd product} {ergonomic}
    uintx ProfiledCodeHeapSize                     = 122909434                              {pd product} {ergonomic}
    uintx ReservedCodeCacheSize                    = 251658240                              {pd product} {ergonomic}
     bool SegmentedCodeCache                       = true                                      {product} {ergonomic}
   size_t SoftMaxHeapSize                          = 4271898624                             {manageable} {ergonomic}
     bool UseCompressedClassPointers               = true                           {product lp64_product} {ergonomic}
     bool UseCompressedOops                        = true                           {product lp64_product} {ergonomic}
     bool UseG1GC                                  = true                                      {product} {ergonomic}
     bool UseLargePagesIndividualAllocation        = false                                  {pd product} {ergonomic}

Logging:
Log output configuration:
 #0: stdout all=warning uptime,level,tags
 #1: stderr all=off uptime,level,tags

Environment Variables:
PATH=C:\Program Files (x86)\Common Files\Oracle\Java\java8path;C:\Program Files (x86)\Common Files\Oracle\Java\javapath;C:\WINDOWS\system32;C:\WINDOWS;C:\WINDOWS\System32\Wbem;C:\WINDOWS\System32\WindowsPowerShell\v1.0\;C:\WINDOWS\System32\OpenSSH\;C:\Program Files\NVIDIA Corporation\NVIDIA NvDLISR;C:\Program Files (x86)\NVIDIA Corporation\PhysX\Common;C:\Program Files\dotnet\;C:\Program Files\Microsoft SQL Server\150\Tools\Binn\;C:\Program Files\Microsoft SQL Server\Client SDK\ODBC\170\Tools\Binn\;S:\Git\cmd;C:\ProgramData\chocolatey\bin;C:\Users\Tirais\AppData\Local\Microsoft\WindowsApps;C:\Users\Tirais\.dotnet\tools;C:\Users\Tirais\AppData\Local\GitHubDesktop\bin;S:\Microsoft VS Code\bin
USERNAME=Tirais
OS=Windows_NT
PROCESSOR_IDENTIFIER=AMD64 Family 25 Model 33 Stepping 2, AuthenticAMD
TMP=C:\Users\Tirais\AppData\Local\Temp
TEMP=C:\Users\Tirais\AppData\Local\Temp



Periodic native trim disabled


---------------  S Y S T E M  ---------------

OS:
 Windows 11 , 64 bit Build 26100 (10.0.26100.4202)
OS uptime: 0 days 2:00 hours

CPU: total 12 (initial active 12) (12 cores per cpu, 2 threads per core) family 25 model 33 stepping 2 microcode 0xa20120e, cx8, cmov, fxsr, ht, mmx, 3dnowpref, sse, sse2, sse3, ssse3, sse4a, sse4.1, sse4.2, popcnt, lzcnt, tsc, tscinvbit, avx, avx2, aes, erms, clmul, bmi1, bmi2, adx, sha, fma, vzeroupper, clflush, clflushopt
Processor Information for all 12 processors :
  Max Mhz: 3701, Current Mhz: 3701, Mhz Limit: 3701

Memory: 4k page, system-wide physical 16288M (1043M free)
TotalPageFile size 32672M (AvailPageFile size 10M)
current process WorkingSet (physical memory assigned to process): 12M, peak: 12M
current process commit charge ("private bytes"): 321M, peak: 325M

vm_info: OpenJDK 64-Bit Server VM (17.0.9+9) for windows-amd64 JRE (17.0.9+9), built on Oct 26 2023 14:01:42 by "admin" with MS VC++ 16.10 / 16.11 (VS2019)

END.
